<?xml version="1.0" encoding="UTF-8"?>
<!-- Generated by org.testng.reporters.JUnitReportReporter -->
<testsuite hostname="AFSWWJYRXX0KV1" name="tests.TestGuruLogin" tests="1" failures="0" timestamp="2 Oct 2020 20:53:29 GMT" time="2.801" errors="0">
  <testcase name="test_Home_Page_Appear_Correct" time="2.801" classname="tests.TestGuruLogin"/>
</testsuite> <!-- tests.TestGuruLogin -->
